<?xml version="1.0" encoding="UTF-8"?>
<testsuite xmlns:xsi="http://www.w3.org/2001/XMLSchema-instance" xsi:noNamespaceSchemaLocation="https://maven.apache.org/surefire/maven-surefire-plugin/xsd/surefire-test-report.xsd" version="3.0.2" name="com.acma.properties.ConstructionTypeServiceTest" time="4.323" tests="3" errors="0" skipped="0" failures="0">
  <properties>
[...]
</properties>
  <testcase name="test_createConstructionType_throws_Exception" classname="com.acma.properties.ConstructionTypeServiceTest" time="4.15"/>
  <testcase name="test_createConstructionType_returns_createdConstructionType" classname="com.acma.properties.ConstructionTypeServiceTest" time="0.034">
    <system-out><![CDATA[02:25:22.826 [main] INFO com.acma.properties.services.ConstructionTypeServiceImpl -- --Construction Type Id--->:	123
]]></system-out>
  </testcase>
  <testcase name="test_getConstructionByType_returnsCreatedConstructionType" classname="com.acma.properties.ConstructionTypeServiceTest" time="0.011">
    <system-out><![CDATA[02:25:22.853 [main] INFO com.acma.properties.services.ConstructionTypeServiceImpl -- --Construction Type By Type--->:	basement
]]></system-out>
  </testcase>
</testsuite>